<html>
<head>
<title>TestNG:  Sanity Tests</title>
<link href="../testng.css" rel="stylesheet" type="text/css" />
<link href="../my-testng.css" rel="stylesheet" type="text/css" />

<style type="text/css">
.log { display: none;} 
.stack-trace { display: none;} 
</style>
<script type="text/javascript">
<!--
function flip(e) {
  current = e.style.display;
  if (current == 'block') {
    e.style.display = 'none';
    return 0;
  }
  else {
    e.style.display = 'block';
    return 1;
  }
}

function toggleBox(szDivId, elem, msg1, msg2)
{
  var res = -1;  if (document.getElementById) {
    res = flip(document.getElementById(szDivId));
  }
  else if (document.all) {
    // this is the way old msie versions work
    res = flip(document.all[szDivId]);
  }
  if(elem) {
    if(res == 0) elem.innerHTML = msg1; else elem.innerHTML = msg2;
  }

}

function toggleAllBoxes() {
  if (document.getElementsByTagName) {
    d = document.getElementsByTagName('div');
    for (i = 0; i < d.length; i++) {
      if (d[i].className == 'log') {
        flip(d[i]);
      }
    }
  }
}

// -->
</script>

</head>
<body>
<h2 align='center'>Sanity Tests</h2><table border='1' align="center">
<tr>
<td>Tests passed/Failed/Skipped:</td><td>8/2/0</td>
</tr><tr>
<td>Started on:</td><td>Sat Feb 21 17:54:20 IST 2015</td>
</tr>
<tr><td>Total time:</td><td>2606 seconds (2606691 ms)</td>
</tr><tr>
<td>Included groups:</td><td>Sanity Android </td>
</tr><tr>
<td>Excluded groups:</td><td></td>
</tr>
</table><p/>
<small><i>(Hover the method name to see the test class name)</i></small><p/>
<table width='100%' border='1' class='invocation-failed'>
<tr><td colspan='4' align='center'><b>FAILED TESTS</b></td></tr>
<tr><td><b>Test method</b></td>
<td width="30%"><b>Exception</b></td>
<td width="10%"><b>Time (seconds)</b></td>
<td><b>Instance</b></td>
</tr>
<tr>
<td title='com.pp.android.auto.SanityAndroid.search()'><b>search</b><br>Test class: com.pp.android.auto.SanityAndroid<br>Test method: Search functionality & filter</td>
<td><div><pre>java.lang.AssertionError: WebElement still visible
	at com.pp.android.auto.AndroidGenericMethods.isElementInvisible(AndroidGenericMethods.java:1000)
	at com.pp.android.auto.SanityAndroid.search(SanityAndroid.java:523)
... Removed 25 stack frames</pre></div><a href='#' onClick='toggleBox("stack-trace1016162524", this, "Click to show all stack frames", "Click to hide stack frames")'>Click to show all stack frames</a>
<div class='stack-trace' id='stack-trace1016162524'><pre>java.lang.AssertionError: WebElement still visible
	at org.testng.Assert.fail(Assert.java:94)
	at com.pp.android.auto.AndroidGenericMethods.isElementInvisible(AndroidGenericMethods.java:1000)
	at com.pp.android.auto.SanityAndroid.search(SanityAndroid.java:523)
	at sun.reflect.NativeMethodAccessorImpl.invoke0(Native Method)
	at sun.reflect.NativeMethodAccessorImpl.invoke(NativeMethodAccessorImpl.java:62)
	at sun.reflect.DelegatingMethodAccessorImpl.invoke(DelegatingMethodAccessorImpl.java:43)
	at java.lang.reflect.Method.invoke(Method.java:483)
	at org.testng.internal.MethodInvocationHelper.invokeMethod(MethodInvocationHelper.java:84)
	at org.testng.internal.Invoker.invokeMethod(Invoker.java:714)
	at org.testng.internal.Invoker.invokeTestMethod(Invoker.java:901)
	at org.testng.internal.Invoker.invokeTestMethods(Invoker.java:1231)
	at org.testng.internal.TestMethodWorker.invokeTestMethods(TestMethodWorker.java:127)
	at org.testng.internal.TestMethodWorker.run(TestMethodWorker.java:111)
	at org.testng.TestRunner.privateRun(TestRunner.java:767)
	at org.testng.TestRunner.run(TestRunner.java:617)
	at org.testng.SuiteRunner.runTest(SuiteRunner.java:334)
	at org.testng.SuiteRunner.runSequentially(SuiteRunner.java:329)
	at org.testng.SuiteRunner.privateRun(SuiteRunner.java:291)
	at org.testng.SuiteRunner.run(SuiteRunner.java:240)
	at org.testng.SuiteRunnerWorker.runSuite(SuiteRunnerWorker.java:52)
	at org.testng.SuiteRunnerWorker.run(SuiteRunnerWorker.java:86)
	at org.testng.TestNG.runSuitesSequentially(TestNG.java:1224)
	at org.testng.TestNG.runSuitesLocally(TestNG.java:1149)
	at org.testng.TestNG.run(TestNG.java:1057)
	at org.testng.remote.RemoteTestNG.run(RemoteTestNG.java:111)
	at org.testng.remote.RemoteTestNG.initAndRun(RemoteTestNG.java:204)
	at org.testng.remote.RemoteTestNG.main(RemoteTestNG.java:175)
</pre></div></td>
<td>985</td>
<td>com.pp.android.auto.SanityAndroid@7ea37dbf</td></tr>
<tr>
<td title='com.pp.android.auto.SanityAndroid.uploadImage()'><b>uploadImage</b><br>Test class: com.pp.android.auto.SanityAndroid<br>Test method: Test the Upload utility with Android</td>
<td><div><pre>java.lang.AssertionError: android.widget.ImageButton didn&apos;t display
	at com.pp.android.auto.AndroidGenericMethods.clickClassName(AndroidGenericMethods.java:544)
	at com.pp.android.auto.SanityAndroid.uploadImage(SanityAndroid.java:213)
... Removed 25 stack frames</pre></div><a href='#' onClick='toggleBox("stack-trace2016038911", this, "Click to show all stack frames", "Click to hide stack frames")'>Click to show all stack frames</a>
<div class='stack-trace' id='stack-trace2016038911'><pre>java.lang.AssertionError: android.widget.ImageButton didn&apos;t display
	at org.testng.Assert.fail(Assert.java:94)
	at com.pp.android.auto.AndroidGenericMethods.clickClassName(AndroidGenericMethods.java:544)
	at com.pp.android.auto.SanityAndroid.uploadImage(SanityAndroid.java:213)
	at sun.reflect.NativeMethodAccessorImpl.invoke0(Native Method)
	at sun.reflect.NativeMethodAccessorImpl.invoke(NativeMethodAccessorImpl.java:62)
	at sun.reflect.DelegatingMethodAccessorImpl.invoke(DelegatingMethodAccessorImpl.java:43)
	at java.lang.reflect.Method.invoke(Method.java:483)
	at org.testng.internal.MethodInvocationHelper.invokeMethod(MethodInvocationHelper.java:84)
	at org.testng.internal.Invoker.invokeMethod(Invoker.java:714)
	at org.testng.internal.Invoker.invokeTestMethod(Invoker.java:901)
	at org.testng.internal.Invoker.invokeTestMethods(Invoker.java:1231)
	at org.testng.internal.TestMethodWorker.invokeTestMethods(TestMethodWorker.java:127)
	at org.testng.internal.TestMethodWorker.run(TestMethodWorker.java:111)
	at org.testng.TestRunner.privateRun(TestRunner.java:767)
	at org.testng.TestRunner.run(TestRunner.java:617)
	at org.testng.SuiteRunner.runTest(SuiteRunner.java:334)
	at org.testng.SuiteRunner.runSequentially(SuiteRunner.java:329)
	at org.testng.SuiteRunner.privateRun(SuiteRunner.java:291)
	at org.testng.SuiteRunner.run(SuiteRunner.java:240)
	at org.testng.SuiteRunnerWorker.runSuite(SuiteRunnerWorker.java:52)
	at org.testng.SuiteRunnerWorker.run(SuiteRunnerWorker.java:86)
	at org.testng.TestNG.runSuitesSequentially(TestNG.java:1224)
	at org.testng.TestNG.runSuitesLocally(TestNG.java:1149)
	at org.testng.TestNG.run(TestNG.java:1057)
	at org.testng.remote.RemoteTestNG.run(RemoteTestNG.java:111)
	at org.testng.remote.RemoteTestNG.initAndRun(RemoteTestNG.java:204)
	at org.testng.remote.RemoteTestNG.main(RemoteTestNG.java:175)
</pre></div></td>
<td>66</td>
<td>com.pp.android.auto.SanityAndroid@7ea37dbf</td></tr>
</table><p>
<table width='100%' border='1' class='invocation-passed'>
<tr><td colspan='4' align='center'><b>PASSED TESTS</b></td></tr>
<tr><td><b>Test method</b></td>
<td width="30%"><b>Exception</b></td>
<td width="10%"><b>Time (seconds)</b></td>
<td><b>Instance</b></td>
</tr>
<tr>
<td title='com.pp.android.auto.SanityAndroid.badCredentials()'><b>badCredentials</b><br>Test class: com.pp.android.auto.SanityAndroid<br>Test method: login with bad/missing credentials , forgot password (negative & positive)</td>
<td></td>
<td>59</td>
<td>com.pp.android.auto.SanityAndroid@7ea37dbf</td></tr>
<tr>
<td title='com.pp.android.auto.SanityAndroid.connectionLost()'><b>connectionLost</b><br>Test class: com.pp.android.auto.SanityAndroid<br>Test method: Checking how the app owrks while connection is lost & back again</td>
<td></td>
<td>318</td>
<td>com.pp.android.auto.SanityAndroid@7ea37dbf</td></tr>
<tr>
<td title='com.pp.android.auto.SanityAndroid.createNewUser()'><b>createNewUser</b><br>Test class: com.pp.android.auto.SanityAndroid<br>Test method: Sign up- Create new user (Negetive positive test), Privacy Policy, TRUSTe</td>
<td></td>
<td>59</td>
<td>com.pp.android.auto.SanityAndroid@7ea37dbf</td></tr>
<tr>
<td title='com.pp.android.auto.SanityAndroid.createfolder()'><b>createfolder</b><br>Test class: com.pp.android.auto.SanityAndroid<br>Test method: Test the Create folder with Android</td>
<td></td>
<td>126</td>
<td>com.pp.android.auto.SanityAndroid@7ea37dbf</td></tr>
<tr>
<td title='com.pp.android.auto.SanityAndroid.search()'><b>search</b><br>Test class: com.pp.android.auto.SanityAndroid<br>Test method: Search functionality & filter</td>
<td></td>
<td>288</td>
<td>com.pp.android.auto.SanityAndroid@7ea37dbf</td></tr>
<tr>
<td title='com.pp.android.auto.SanityAndroid.termsOfServiceAndTruste()'><b>termsOfServiceAndTruste</b><br>Test class: com.pp.android.auto.SanityAndroid<br>Test method: Test the TOS & TrusTe Links</td>
<td></td>
<td>22</td>
<td>com.pp.android.auto.SanityAndroid@7ea37dbf</td></tr>
<tr>
<td title='com.pp.android.auto.SanityAndroid.tour()'><b>tour</b><br>Test class: com.pp.android.auto.SanityAndroid<br>Test method: Test TOUR for New accounts and for upgrade accounts</td>
<td></td>
<td>309</td>
<td>com.pp.android.auto.SanityAndroid@7ea37dbf</td></tr>
<tr>
<td title='com.pp.android.auto.SanityAndroid.uploadImage()'><b>uploadImage</b><br>Test class: com.pp.android.auto.SanityAndroid<br>Test method: Test the Upload utility with Android</td>
<td></td>
<td>79</td>
<td>com.pp.android.auto.SanityAndroid@7ea37dbf</td></tr>
</table><p>
</body>
</html>