<?xml version="1.0" encoding="UTF-8"?>
<testng-results skipped="0" failed="1" total="1" passed="0">
  <reporter-output>
  </reporter-output>
  <suite name="Suite" duration-ms="387880" started-at="2015-01-27T19:40:39Z" finished-at="2015-01-27T19:47:07Z">
    <groups>
      <group name="Sanity Android1">
        <method signature="SanityAndroid.search()[pri:0, instance:com.pp.android.auto.SanityAndroid@527e5409]" name="search" class="com.pp.android.auto.SanityAndroid"/>
      </group> <!-- Sanity Android1 -->
    </groups>
    <test name="Sanity Tests" duration-ms="387880" started-at="2015-01-27T19:40:39Z" finished-at="2015-01-27T19:47:07Z">
      <class name="com.pp.android.auto.SanityAndroid">
        <test-method status="PASS" signature="setupBeforeSuite(org.testng.ITestContext)[pri:0, instance:com.pp.android.auto.SanityAndroid@527e5409]" name="setupBeforeSuite" is-config="true" duration-ms="53782" started-at="2015-01-27T21:39:45Z" finished-at="2015-01-27T21:40:39Z">
          <params>
            <param index="0">
              <value>
                <![CDATA[org.testng.TestRunner@4a8ab068]]>
              </value>
            </param>
          </params>
          <reporter-output>
          </reporter-output>
        </test-method> <!-- setupBeforeSuite -->
        <test-method status="PASS" signature="checkHomeScreen()[pri:0, instance:com.pp.android.auto.SanityAndroid@527e5409]" name="checkHomeScreen" is-config="true" duration-ms="231" started-at="2015-01-27T21:40:39Z" finished-at="2015-01-27T21:40:39Z">
          <reporter-output>
          </reporter-output>
        </test-method> <!-- checkHomeScreen -->
        <test-method status="FAIL" signature="search()[pri:0, instance:com.pp.android.auto.SanityAndroid@527e5409]" name="search" duration-ms="387619" started-at="2015-01-27T21:40:39Z" description="Search functionality &amp; filter" finished-at="2015-01-27T21:47:07Z">
          <exception class="java.lang.AssertionError">
            <message>
              <![CDATA[Search contactsdidn't displayed]]>
            </message>
            <full-stacktrace>
              <![CDATA[java.lang.AssertionError: Search contactsdidn't displayed
	at org.testng.Assert.fail(Assert.java:94)
	at com.pp.android.auto.AndroidGenericMethods.sendName(AndroidGenericMethods.java:795)
	at com.pp.android.auto.SanityAndroid.search(SanityAndroid.java:511)
	at sun.reflect.NativeMethodAccessorImpl.invoke0(Native Method)
	at sun.reflect.NativeMethodAccessorImpl.invoke(NativeMethodAccessorImpl.java:62)
	at sun.reflect.DelegatingMethodAccessorImpl.invoke(DelegatingMethodAccessorImpl.java:43)
	at java.lang.reflect.Method.invoke(Method.java:483)
	at org.testng.internal.MethodInvocationHelper.invokeMethod(MethodInvocationHelper.java:84)
	at org.testng.internal.Invoker.invokeMethod(Invoker.java:714)
	at org.testng.internal.Invoker.invokeTestMethod(Invoker.java:901)
	at org.testng.internal.Invoker.invokeTestMethods(Invoker.java:1231)
	at org.testng.internal.TestMethodWorker.invokeTestMethods(TestMethodWorker.java:127)
	at org.testng.internal.TestMethodWorker.run(TestMethodWorker.java:111)
	at org.testng.TestRunner.privateRun(TestRunner.java:767)
	at org.testng.TestRunner.run(TestRunner.java:617)
	at org.testng.SuiteRunner.runTest(SuiteRunner.java:334)
	at org.testng.SuiteRunner.runSequentially(SuiteRunner.java:329)
	at org.testng.SuiteRunner.privateRun(SuiteRunner.java:291)
	at org.testng.SuiteRunner.run(SuiteRunner.java:240)
	at org.testng.SuiteRunnerWorker.runSuite(SuiteRunnerWorker.java:52)
	at org.testng.SuiteRunnerWorker.run(SuiteRunnerWorker.java:86)
	at org.testng.TestNG.runSuitesSequentially(TestNG.java:1224)
	at org.testng.TestNG.runSuitesLocally(TestNG.java:1149)
	at org.testng.TestNG.run(TestNG.java:1057)
	at org.testng.remote.RemoteTestNG.run(RemoteTestNG.java:111)
	at org.testng.remote.RemoteTestNG.initAndRun(RemoteTestNG.java:204)
	at org.testng.remote.RemoteTestNG.main(RemoteTestNG.java:175)
]]>
            </full-stacktrace>
          </exception> <!-- java.lang.AssertionError -->
          <reporter-output>
          </reporter-output>
        </test-method> <!-- search -->
        <test-method status="PASS" signature="sendMail()[pri:0, instance:com.pp.android.auto.SanityAndroid@527e5409]" name="sendMail" is-config="true" duration-ms="1100" started-at="2015-01-27T21:47:07Z" finished-at="2015-01-27T21:47:08Z">
          <reporter-output>
          </reporter-output>
        </test-method> <!-- sendMail -->
      </class> <!-- com.pp.android.auto.SanityAndroid -->
    </test> <!-- Sanity Tests -->
  </suite> <!-- Suite -->
</testng-results>
